/home/bdhingpit/miniconda3/envs/genome_assembly2/bin/quast.py -o 4-quast -l default, careful, isolate 3-spades/1-spades_result_default/scaffolds.fasta 3-spades/2-spades_result_careful/scaffolds.fasta 3-spades/3-spades_result_isolate/scaffolds.fasta

Version: 5.2.0

System information:
  OS: Linux-5.10.102.1-microsoft-standard-WSL2-x86_64-with-glibc2.31 (linux_64)
  Python version: 3.9.0
  CPUs number: 8

Started: 2022-09-19 08:20:07

Logging to /home/bdhingpit/molab_github_trial/genomics_resources/genome_assembly_and_annot_demo_folder/4-quast/quast.log
NOTICE: Maximum number of threads is set to 2 (use --threads option to set it manually)

CWD: /home/bdhingpit/molab_github_trial/genomics_resources/genome_assembly_and_annot_demo_folder
Main parameters: 
  MODE: default, threads: 2, min contig length: 500, min alignment length: 65, min alignment IDY: 95.0, \
  ambiguity: one, min local misassembly length: 200, min extensive misassembly length: 1000

Contigs:
  Pre-processing...
  1  3-spades/1-spades_result_default/scaffolds.fasta ==> default
  2  3-spades/2-spades_result_careful/scaffolds.fasta ==> careful
  3  3-spades/3-spades_result_isolate/scaffolds.fasta ==> isolate

2022-09-19 08:20:08
Running Basic statistics processor...
  Contig files: 
    1  default
    2  careful
    3  isolate
  Calculating N50 and L50...
    1  default, N50 = 322676, L50 = 7, auN = 326209.3, Total length = 6274974, GC % = 60.61, # N's per 100 kbp =  13.23
    2  careful, N50 = 316311, L50 = 8, auN = 319772.8, Total length = 6271813, GC % = 60.62, # N's per 100 kbp =  13.03
    3  isolate, N50 = 241733, L50 = 9, auN = 263459.7, Total length = 6274871, GC % = 60.62, # N's per 100 kbp =  11.63
  Drawing Nx plot...
    saved to /home/bdhingpit/molab_github_trial/genomics_resources/genome_assembly_and_annot_demo_folder/4-quast/basic_stats/Nx_plot.pdf
  Drawing cumulative plot...
    saved to /home/bdhingpit/molab_github_trial/genomics_resources/genome_assembly_and_annot_demo_folder/4-quast/basic_stats/cumulative_plot.pdf
  Drawing GC content plot...
    saved to /home/bdhingpit/molab_github_trial/genomics_resources/genome_assembly_and_annot_demo_folder/4-quast/basic_stats/GC_content_plot.pdf
  Drawing default GC content plot...
    saved to /home/bdhingpit/molab_github_trial/genomics_resources/genome_assembly_and_annot_demo_folder/4-quast/basic_stats/default_GC_content_plot.pdf
  Drawing careful GC content plot...
    saved to /home/bdhingpit/molab_github_trial/genomics_resources/genome_assembly_and_annot_demo_folder/4-quast/basic_stats/careful_GC_content_plot.pdf
  Drawing isolate GC content plot...
    saved to /home/bdhingpit/molab_github_trial/genomics_resources/genome_assembly_and_annot_demo_folder/4-quast/basic_stats/isolate_GC_content_plot.pdf
  Drawing Coverage histogram (bin size: 2x)...
    saved to /home/bdhingpit/molab_github_trial/genomics_resources/genome_assembly_and_annot_demo_folder/4-quast/basic_stats/coverage_histogram.pdf
  Drawing default coverage histogram (bin size: 3x)...
    saved to /home/bdhingpit/molab_github_trial/genomics_resources/genome_assembly_and_annot_demo_folder/4-quast/basic_stats/default_coverage_histogram.pdf
  Drawing careful coverage histogram (bin size: 3x)...
    saved to /home/bdhingpit/molab_github_trial/genomics_resources/genome_assembly_and_annot_demo_folder/4-quast/basic_stats/careful_coverage_histogram.pdf
  Drawing isolate coverage histogram (bin size: 2x)...
    saved to /home/bdhingpit/molab_github_trial/genomics_resources/genome_assembly_and_annot_demo_folder/4-quast/basic_stats/isolate_coverage_histogram.pdf
Done.

NOTICE: Genes are not predicted by default. Use --gene-finding or --glimmer option to enable it.

2022-09-19 08:20:11
Creating large visual summaries...
This may take a while: press Ctrl-C to skip this step..
  1 of 2: Creating PDF with all tables and plots...
  2 of 2: Creating Icarus viewers...
Done

2022-09-19 08:20:12
RESULTS:
  Text versions of total report are saved to /home/bdhingpit/molab_github_trial/genomics_resources/genome_assembly_and_annot_demo_folder/4-quast/report.txt, report.tsv, and report.tex
  Text versions of transposed total report are saved to /home/bdhingpit/molab_github_trial/genomics_resources/genome_assembly_and_annot_demo_folder/4-quast/transposed_report.txt, transposed_report.tsv, and transposed_report.tex
  HTML version (interactive tables and plots) is saved to /home/bdhingpit/molab_github_trial/genomics_resources/genome_assembly_and_annot_demo_folder/4-quast/report.html
  PDF version (tables and plots) is saved to /home/bdhingpit/molab_github_trial/genomics_resources/genome_assembly_and_annot_demo_folder/4-quast/report.pdf
  Icarus (contig browser) is saved to /home/bdhingpit/molab_github_trial/genomics_resources/genome_assembly_and_annot_demo_folder/4-quast/icarus.html
  Log is saved to /home/bdhingpit/molab_github_trial/genomics_resources/genome_assembly_and_annot_demo_folder/4-quast/quast.log

Finished: 2022-09-19 08:20:12
Elapsed time: 0:00:04.853208
NOTICEs: 2; WARNINGs: 0; non-fatal ERRORs: 0

Thank you for using QUAST!
